{"uid":"8199d5efab1319ff","name":"Proper information is displayed on current forecast for Sydney, AU","fullName":"Frontend for OpenWeather: Proper information is displayed on current forecast for Sydney, AU","historyId":"1f92b06b539e5fd0a396e8229bdff9d2","time":{"start":1655407018845,"stop":1655407032679,"duration":13834},"description":"  Tests related to UI","descriptionHtml":"<p>Tests related to UI</p>\n","status":"failed","statusMessage":"Element not found {By.xpath: //ul[@class='search-dropdown-menu']}\nExpected: exist\nScreenshot: file:/home/runner/work/backend-qa-interview/backend-qa-interview/full-stack-sollution/build/reports/tests/1655407032321.0.png\nPage source: file:/home/runner/work/backend-qa-interview/backend-qa-interview/full-stack-sollution/build/reports/tests/1655407032321.0.html\nTimeout: 5 s.\nCaused by: NoSuchElementException: no such element: Unable to locate element: {\"method\":\"xpath\",\"selector\":\"//ul[@class='search-dropdown-menu']\"}","statusTrace":"Element not found {By.xpath: //ul[@class='search-dropdown-menu']}\nExpected: exist\nScreenshot: file:/home/runner/work/backend-qa-interview/backend-qa-interview/full-stack-sollution/build/reports/tests/1655407032321.0.png\nPage source: file:/home/runner/work/backend-qa-interview/backend-qa-interview/full-stack-sollution/build/reports/tests/1655407032321.0.html\nTimeout: 5 s.\nCaused by: NoSuchElementException: no such element: Unable to locate element: {\"method\":\"xpath\",\"selector\":\"//ul[@class='search-dropdown-menu']\"}\n\tat com.codeborne.selenide.impl.WebElementSource.createElementNotFoundError(WebElementSource.java:87)\n\tat com.codeborne.selenide.impl.ElementFinder.createElementNotFoundError(ElementFinder.java:122)\n\tat com.codeborne.selenide.impl.WebElementSource.checkCondition(WebElementSource.java:124)\n\tat com.codeborne.selenide.commands.Should.execute(Should.java:30)\n\tat com.codeborne.selenide.commands.Should.execute(Should.java:14)\n\tat com.codeborne.selenide.commands.Commands.execute(Commands.java:155)\n\tat com.codeborne.selenide.impl.SelenideElementProxy.dispatchAndRetry(SelenideElementProxy.java:131)\n\tat com.codeborne.selenide.impl.SelenideElementProxy.invoke(SelenideElementProxy.java:83)\n\tat jdk.proxy2/jdk.proxy2.$Proxy79.should(Unknown Source)\n\tat com.qa.interview.sollution.full.stack.sollution.frontend.utils.ElementFinderUtil.verifyElementExists(ElementFinderUtil.java:45)\n\tat com.qa.interview.sollution.full.stack.sollution.frontend.utils.ElementFinderUtil$$FastClassBySpringCGLIB$$e271ed32.invoke(<generated>)\n\tat org.springframework.cglib.proxy.MethodProxy.invoke(MethodProxy.java:218)\n\tat org.springframework.aop.framework.CglibAopProxy.invokeMethod(CglibAopProxy.java:386)\n\tat org.springframework.aop.framework.CglibAopProxy.access$000(CglibAopProxy.java:85)\n\tat org.springframework.aop.framework.CglibAopProxy$DynamicAdvisedInterceptor.intercept(CglibAopProxy.java:704)\n\tat com.qa.interview.sollution.full.stack.sollution.frontend.utils.ElementFinderUtil$$EnhancerBySpringCGLIB$$c424c87.verifyElementExists(<generated>)\n\tat com.qa.interview.sollution.full.stack.sollution.frontend.pages.components.SearchDropdown.findOptionByText(SearchDropdown.java:35)\n\tat com.qa.interview.sollution.full.stack.sollution.frontend.pages.components.SearchDropdown.chooseOptionByText(SearchDropdown.java:30)\n\tat com.qa.interview.sollution.full.stack.sollution.frontend.pages.components.SearchDropdown$$FastClassBySpringCGLIB$$50eb6b12.invoke(<generated>)\n\tat org.springframework.cglib.proxy.MethodProxy.invoke(MethodProxy.java:218)\n\tat org.springframework.aop.framework.CglibAopProxy.invokeMethod(CglibAopProxy.java:386)\n\tat org.springframework.aop.framework.CglibAopProxy.access$000(CglibAopProxy.java:85)\n\tat org.springframework.aop.framework.CglibAopProxy$DynamicAdvisedInterceptor.intercept(CglibAopProxy.java:704)\n\tat com.qa.interview.sollution.full.stack.sollution.frontend.pages.components.SearchDropdown$$EnhancerBySpringCGLIB$$c51c7227.chooseOptionByText(<generated>)\n\tat com.qa.interview.sollution.full.stack.sollution.frontend.pages.components.SearchBar.searchFor(SearchBar.java:34)\n\tat com.qa.interview.sollution.full.stack.sollution.frontend.pages.components.SearchBar$$FastClassBySpringCGLIB$$c5a73872.invoke(<generated>)\n\tat org.springframework.cglib.proxy.MethodProxy.invoke(MethodProxy.java:218)\n\tat org.springframework.aop.framework.CglibAopProxy.invokeMethod(CglibAopProxy.java:386)\n\tat org.springframework.aop.framework.CglibAopProxy.access$000(CglibAopProxy.java:85)\n\tat org.springframework.aop.framework.CglibAopProxy$DynamicAdvisedInterceptor.intercept(CglibAopProxy.java:704)\n\tat com.qa.interview.sollution.full.stack.sollution.frontend.pages.components.SearchBar$$EnhancerBySpringCGLIB$$56eb3647.searchFor(<generated>)\n\tat com.qa.interview.sollution.full.stack.sollution.steps.frontend.WeatherSiteSteps.userFindsCurrentForecastForSpecificCity(WeatherSiteSteps.java:59)\n\tat ✽.User finds current forecast for city 'Sydney' from 'Australia'(classpath:features/frontend/weather.feature:13)\nCaused by: org.openqa.selenium.NoSuchElementException: no such element: Unable to locate element: {\"method\":\"xpath\",\"selector\":\"//ul[@class='search-dropdown-menu']\"}\n  (Session info: headless chrome=102.0.5005.115)\nFor documentation on this error, please visit: https://selenium.dev/exceptions/#no_such_element\nBuild info: version: '4.2.1', revision: 'ac4d0fdd4a'\nSystem info: host: 'fv-az128-475', ip: '10.1.0.164', os.name: 'Linux', os.arch: 'amd64', os.version: '5.13.0-1029-azure', java.version: '17.0.3'\nDriver info: org.openqa.selenium.chrome.ChromeDriver\nCommand: [3c6657cf84a6c69b199708588657bc69, findElement {using=xpath, value=//ul[@class='search-dropdown-menu']}]\nCapabilities {acceptInsecureCerts: true, browserName: chrome, browserVersion: 102.0.5005.115, chrome: {chromedriverVersion: 102.0.5005.61 (0e59bcc00cc4..., userDataDir: /tmp/.com.google.Chrome.3YLNLB}, goog:chromeOptions: {debuggerAddress: localhost:40667}, networkConnectionEnabled: false, pageLoadStrategy: normal, platformName: LINUX, proxy: Proxy(), se:cdp: ws://localhost:40667/devtoo..., se:cdpVersion: 102.0.5005.115, setWindowRect: true, strictFileInteractability: false, timeouts: {implicit: 0, pageLoad: 300000, script: 30000}, unhandledPromptBehavior: dismiss and notify, webauthn:extension:credBlob: true, webauthn:extension:largeBlob: true, webauthn:virtualAuthenticators: true}\nSession ID: 3c6657cf84a6c69b199708588657bc69\n\tat jdk.internal.reflect.GeneratedConstructorAccessor128.newInstance(Unknown Source)\n\tat java.base/jdk.internal.reflect.DelegatingConstructorAccessorImpl.newInstance(DelegatingConstructorAccessorImpl.java:45)\n\tat java.base/java.lang.reflect.Constructor.newInstanceWithCaller(Constructor.java:499)\n\tat java.base/java.lang.reflect.Constructor.newInstance(Constructor.java:480)\n\tat org.openqa.selenium.remote.codec.w3c.W3CHttpResponseCodec.createException(W3CHttpResponseCodec.java:200)\n\tat org.openqa.selenium.remote.codec.w3c.W3CHttpResponseCodec.decode(W3CHttpResponseCodec.java:133)\n\tat org.openqa.selenium.remote.codec.w3c.W3CHttpResponseCodec.decode(W3CHttpResponseCodec.java:53)\n\tat org.openqa.selenium.remote.HttpCommandExecutor.execute(HttpCommandExecutor.java:184)\n\tat org.openqa.selenium.remote.service.DriverCommandExecutor.invokeExecute(DriverCommandExecutor.java:167)\n\tat org.openqa.selenium.remote.service.DriverCommandExecutor.execute(DriverCommandExecutor.java:142)\n\tat org.openqa.selenium.remote.RemoteWebDriver.execute(RemoteWebDriver.java:551)\n\tat org.openqa.selenium.remote.ElementLocation$ElementFinder$2.findElement(ElementLocation.java:162)\n\tat org.openqa.selenium.remote.ElementLocation.findElement(ElementLocation.java:60)\n\tat org.openqa.selenium.remote.RemoteWebDriver.findElement(RemoteWebDriver.java:369)\n\tat org.openqa.selenium.remote.RemoteWebDriver.findElement(RemoteWebDriver.java:361)\n\tat com.codeborne.selenide.impl.WebElementSelector.findElement(WebElementSelector.java:70)\n\tat com.codeborne.selenide.impl.WebElementSelector.findElement(WebElementSelector.java:44)\n\tat com.codeborne.selenide.impl.WebElementSelector.findElement(WebElementSelector.java:33)\n\tat com.codeborne.selenide.impl.ElementFinder.getWebElement(ElementFinder.java:102)\n\tat com.codeborne.selenide.impl.WebElementSource.checkCondition(WebElementSource.java:105)\n\tat com.codeborne.selenide.commands.Should.execute(Should.java:30)\n\tat com.codeborne.selenide.commands.Should.execute(Should.java:14)\n\tat com.codeborne.selenide.commands.Commands.execute(Commands.java:155)\n\tat com.codeborne.selenide.impl.SelenideElementProxy.dispatchAndRetry(SelenideElementProxy.java:131)\n\tat com.codeborne.selenide.impl.SelenideElementProxy.invoke(SelenideElementProxy.java:83)\n\tat jdk.proxy2/jdk.proxy2.$Proxy79.should(Unknown Source)\n\tat com.qa.interview.sollution.full.stack.sollution.frontend.utils.ElementFinderUtil.verifyElementExists(ElementFinderUtil.java:45)\n\tat com.qa.interview.sollution.full.stack.sollution.frontend.utils.ElementFinderUtil$$FastClassBySpringCGLIB$$e271ed32.invoke(<generated>)\n\tat org.springframework.cglib.proxy.MethodProxy.invoke(MethodProxy.java:218)\n\tat org.springframework.aop.framework.CglibAopProxy.invokeMethod(CglibAopProxy.java:386)\n\tat org.springframework.aop.framework.CglibAopProxy.access$000(CglibAopProxy.java:85)\n\tat org.springframework.aop.framework.CglibAopProxy$DynamicAdvisedInterceptor.intercept(CglibAopProxy.java:704)\n\tat com.qa.interview.sollution.full.stack.sollution.frontend.utils.ElementFinderUtil$$EnhancerBySpringCGLIB$$c424c87.verifyElementExists(<generated>)\n\tat com.qa.interview.sollution.full.stack.sollution.frontend.pages.components.SearchDropdown.findOptionByText(SearchDropdown.java:35)\n\tat com.qa.interview.sollution.full.stack.sollution.frontend.pages.components.SearchDropdown.chooseOptionByText(SearchDropdown.java:30)\n\tat com.qa.interview.sollution.full.stack.sollution.frontend.pages.components.SearchDropdown$$FastClassBySpringCGLIB$$50eb6b12.invoke(<generated>)\n\tat org.springframework.cglib.proxy.MethodProxy.invoke(MethodProxy.java:218)\n\tat org.springframework.aop.framework.CglibAopProxy.invokeMethod(CglibAopProxy.java:386)\n\tat org.springframework.aop.framework.CglibAopProxy.access$000(CglibAopProxy.java:85)\n\tat org.springframework.aop.framework.CglibAopProxy$DynamicAdvisedInterceptor.intercept(CglibAopProxy.java:704)\n\tat com.qa.interview.sollution.full.stack.sollution.frontend.pages.components.SearchDropdown$$EnhancerBySpringCGLIB$$c51c7227.chooseOptionByText(<generated>)\n\tat com.qa.interview.sollution.full.stack.sollution.frontend.pages.components.SearchBar.searchFor(SearchBar.java:34)\n\tat com.qa.interview.sollution.full.stack.sollution.frontend.pages.components.SearchBar$$FastClassBySpringCGLIB$$c5a73872.invoke(<generated>)\n\tat org.springframework.cglib.proxy.MethodProxy.invoke(MethodProxy.java:218)\n\tat org.springframework.aop.framework.CglibAopProxy.invokeMethod(CglibAopProxy.java:386)\n\tat org.springframework.aop.framework.CglibAopProxy.access$000(CglibAopProxy.java:85)\n\tat org.springframework.aop.framework.CglibAopProxy$DynamicAdvisedInterceptor.intercept(CglibAopProxy.java:704)\n\tat com.qa.interview.sollution.full.stack.sollution.frontend.pages.components.SearchBar$$EnhancerBySpringCGLIB$$56eb3647.searchFor(<generated>)\n\tat com.qa.interview.sollution.full.stack.sollution.steps.frontend.WeatherSiteSteps.userFindsCurrentForecastForSpecificCity(WeatherSiteSteps.java:59)\n\tat java.base/jdk.internal.reflect.NativeMethodAccessorImpl.invoke0(Native Method)\n\tat java.base/jdk.internal.reflect.NativeMethodAccessorImpl.invoke(NativeMethodAccessorImpl.java:77)\n\tat java.base/jdk.internal.reflect.DelegatingMethodAccessorImpl.invoke(DelegatingMethodAccessorImpl.java:43)\n\tat java.base/java.lang.reflect.Method.invoke(Method.java:568)\n\tat io.cucumber.java.Invoker.doInvoke(Invoker.java:66)\n\tat io.cucumber.java.Invoker.invoke(Invoker.java:24)\n\tat io.cucumber.java.AbstractGlueDefinition.invokeMethod(AbstractGlueDefinition.java:47)\n\tat io.cucumber.java.JavaStepDefinition.execute(JavaStepDefinition.java:29)\n\tat io.cucumber.core.runner.CoreStepDefinition.execute(CoreStepDefinition.java:66)\n\tat io.cucumber.core.runner.PickleStepDefinitionMatch.runStep(PickleStepDefinitionMatch.java:63)\n\tat io.cucumber.core.runner.ExecutionMode$1.execute(ExecutionMode.java:10)\n\tat io.cucumber.core.runner.TestStep.executeStep(TestStep.java:85)\n\tat io.cucumber.core.runner.TestStep.run(TestStep.java:57)\n\tat io.cucumber.core.runner.PickleStepTestStep.run(PickleStepTestStep.java:51)\n\tat io.cucumber.core.runner.TestCase.run(TestCase.java:84)\n\tat io.cucumber.core.runner.Runner.runPickle(Runner.java:75)\n\tat io.cucumber.testng.TestNGCucumberRunner.lambda$runScenario$1(TestNGCucumberRunner.java:132)\n\tat io.cucumber.core.runtime.CucumberExecutionContext.lambda$runTestCase$5(CucumberExecutionContext.java:129)\n\tat io.cucumber.core.runtime.RethrowingThrowableCollector.executeAndThrow(RethrowingThrowableCollector.java:23)\n\tat io.cucumber.core.runtime.CucumberExecutionContext.runTestCase(CucumberExecutionContext.java:129)\n\tat io.cucumber.testng.TestNGCucumberRunner.runScenario(TestNGCucumberRunner.java:129)\n\tat io.cucumber.testng.AbstractTestNGCucumberTests.runScenario(AbstractTestNGCucumberTests.java:35)\n\tat jdk.internal.reflect.GeneratedMethodAccessor298.invoke(Unknown Source)\n\tat java.base/jdk.internal.reflect.DelegatingMethodAccessorImpl.invoke(DelegatingMethodAccessorImpl.java:43)\n\tat java.base/java.lang.reflect.Method.invoke(Method.java:568)\n\tat org.testng.internal.invokers.MethodInvocationHelper.invokeMethod(MethodInvocationHelper.java:139)\n\tat org.testng.internal.invokers.TestInvoker.invokeMethod(TestInvoker.java:677)\n\tat org.testng.internal.invokers.TestInvoker.invokeTestMethod(TestInvoker.java:221)\n\tat org.testng.internal.invokers.TestMethodWithDataProviderMethodWorker.call(TestMethodWithDataProviderMethodWorker.java:80)\n\tat org.testng.internal.invokers.TestMethodWithDataProviderMethodWorker.call(TestMethodWithDataProviderMethodWorker.java:17)\n\tat java.base/java.util.concurrent.FutureTask.run(FutureTask.java:264)\n\tat java.base/java.util.concurrent.Executors$RunnableAdapter.call(Executors.java:539)\n\tat java.base/java.util.concurrent.FutureTask.run(FutureTask.java:264)\n\tat java.base/java.util.concurrent.ThreadPoolExecutor.runWorker(ThreadPoolExecutor.java:1136)\n\tat java.base/java.util.concurrent.ThreadPoolExecutor$Worker.run(ThreadPoolExecutor.java:635)\n\tat java.base/java.lang.Thread.run(Thread.java:833)\n","flaky":false,"newFailed":false,"newBroken":false,"newPassed":false,"retriesCount":1,"retriesStatusChange":true,"beforeStages":[{"name":"com.qa.interview.sollution.full.stack.sollution.steps.frontend.FrontendHooks.addLogsToReport()","time":{"start":1655407018853,"stop":1655407018853,"duration":0},"status":"passed","steps":[],"attachments":[],"parameters":[],"stepsCount":0,"attachmentsCount":0,"shouldDisplayMessage":false,"hasContent":false}],"testStage":{"description":"  Tests related to UI","status":"failed","statusMessage":"Element not found {By.xpath: //ul[@class='search-dropdown-menu']}\nExpected: exist\nScreenshot: file:/home/runner/work/backend-qa-interview/backend-qa-interview/full-stack-sollution/build/reports/tests/1655407032321.0.png\nPage source: file:/home/runner/work/backend-qa-interview/backend-qa-interview/full-stack-sollution/build/reports/tests/1655407032321.0.html\nTimeout: 5 s.\nCaused by: NoSuchElementException: no such element: Unable to locate element: {\"method\":\"xpath\",\"selector\":\"//ul[@class='search-dropdown-menu']\"}","statusTrace":"Element not found {By.xpath: //ul[@class='search-dropdown-menu']}\nExpected: exist\nScreenshot: file:/home/runner/work/backend-qa-interview/backend-qa-interview/full-stack-sollution/build/reports/tests/1655407032321.0.png\nPage source: file:/home/runner/work/backend-qa-interview/backend-qa-interview/full-stack-sollution/build/reports/tests/1655407032321.0.html\nTimeout: 5 s.\nCaused by: NoSuchElementException: no such element: Unable to locate element: {\"method\":\"xpath\",\"selector\":\"//ul[@class='search-dropdown-menu']\"}\n\tat com.codeborne.selenide.impl.WebElementSource.createElementNotFoundError(WebElementSource.java:87)\n\tat com.codeborne.selenide.impl.ElementFinder.createElementNotFoundError(ElementFinder.java:122)\n\tat com.codeborne.selenide.impl.WebElementSource.checkCondition(WebElementSource.java:124)\n\tat com.codeborne.selenide.commands.Should.execute(Should.java:30)\n\tat com.codeborne.selenide.commands.Should.execute(Should.java:14)\n\tat com.codeborne.selenide.commands.Commands.execute(Commands.java:155)\n\tat com.codeborne.selenide.impl.SelenideElementProxy.dispatchAndRetry(SelenideElementProxy.java:131)\n\tat com.codeborne.selenide.impl.SelenideElementProxy.invoke(SelenideElementProxy.java:83)\n\tat jdk.proxy2/jdk.proxy2.$Proxy79.should(Unknown Source)\n\tat com.qa.interview.sollution.full.stack.sollution.frontend.utils.ElementFinderUtil.verifyElementExists(ElementFinderUtil.java:45)\n\tat com.qa.interview.sollution.full.stack.sollution.frontend.utils.ElementFinderUtil$$FastClassBySpringCGLIB$$e271ed32.invoke(<generated>)\n\tat org.springframework.cglib.proxy.MethodProxy.invoke(MethodProxy.java:218)\n\tat org.springframework.aop.framework.CglibAopProxy.invokeMethod(CglibAopProxy.java:386)\n\tat org.springframework.aop.framework.CglibAopProxy.access$000(CglibAopProxy.java:85)\n\tat org.springframework.aop.framework.CglibAopProxy$DynamicAdvisedInterceptor.intercept(CglibAopProxy.java:704)\n\tat com.qa.interview.sollution.full.stack.sollution.frontend.utils.ElementFinderUtil$$EnhancerBySpringCGLIB$$c424c87.verifyElementExists(<generated>)\n\tat com.qa.interview.sollution.full.stack.sollution.frontend.pages.components.SearchDropdown.findOptionByText(SearchDropdown.java:35)\n\tat com.qa.interview.sollution.full.stack.sollution.frontend.pages.components.SearchDropdown.chooseOptionByText(SearchDropdown.java:30)\n\tat com.qa.interview.sollution.full.stack.sollution.frontend.pages.components.SearchDropdown$$FastClassBySpringCGLIB$$50eb6b12.invoke(<generated>)\n\tat org.springframework.cglib.proxy.MethodProxy.invoke(MethodProxy.java:218)\n\tat org.springframework.aop.framework.CglibAopProxy.invokeMethod(CglibAopProxy.java:386)\n\tat org.springframework.aop.framework.CglibAopProxy.access$000(CglibAopProxy.java:85)\n\tat org.springframework.aop.framework.CglibAopProxy$DynamicAdvisedInterceptor.intercept(CglibAopProxy.java:704)\n\tat com.qa.interview.sollution.full.stack.sollution.frontend.pages.components.SearchDropdown$$EnhancerBySpringCGLIB$$c51c7227.chooseOptionByText(<generated>)\n\tat com.qa.interview.sollution.full.stack.sollution.frontend.pages.components.SearchBar.searchFor(SearchBar.java:34)\n\tat com.qa.interview.sollution.full.stack.sollution.frontend.pages.components.SearchBar$$FastClassBySpringCGLIB$$c5a73872.invoke(<generated>)\n\tat org.springframework.cglib.proxy.MethodProxy.invoke(MethodProxy.java:218)\n\tat org.springframework.aop.framework.CglibAopProxy.invokeMethod(CglibAopProxy.java:386)\n\tat org.springframework.aop.framework.CglibAopProxy.access$000(CglibAopProxy.java:85)\n\tat org.springframework.aop.framework.CglibAopProxy$DynamicAdvisedInterceptor.intercept(CglibAopProxy.java:704)\n\tat com.qa.interview.sollution.full.stack.sollution.frontend.pages.components.SearchBar$$EnhancerBySpringCGLIB$$56eb3647.searchFor(<generated>)\n\tat com.qa.interview.sollution.full.stack.sollution.steps.frontend.WeatherSiteSteps.userFindsCurrentForecastForSpecificCity(WeatherSiteSteps.java:59)\n\tat ✽.User finds current forecast for city 'Sydney' from 'Australia'(classpath:features/frontend/weather.feature:13)\nCaused by: org.openqa.selenium.NoSuchElementException: no such element: Unable to locate element: {\"method\":\"xpath\",\"selector\":\"//ul[@class='search-dropdown-menu']\"}\n  (Session info: headless chrome=102.0.5005.115)\nFor documentation on this error, please visit: https://selenium.dev/exceptions/#no_such_element\nBuild info: version: '4.2.1', revision: 'ac4d0fdd4a'\nSystem info: host: 'fv-az128-475', ip: '10.1.0.164', os.name: 'Linux', os.arch: 'amd64', os.version: '5.13.0-1029-azure', java.version: '17.0.3'\nDriver info: org.openqa.selenium.chrome.ChromeDriver\nCommand: [3c6657cf84a6c69b199708588657bc69, findElement {using=xpath, value=//ul[@class='search-dropdown-menu']}]\nCapabilities {acceptInsecureCerts: true, browserName: chrome, browserVersion: 102.0.5005.115, chrome: {chromedriverVersion: 102.0.5005.61 (0e59bcc00cc4..., userDataDir: /tmp/.com.google.Chrome.3YLNLB}, goog:chromeOptions: {debuggerAddress: localhost:40667}, networkConnectionEnabled: false, pageLoadStrategy: normal, platformName: LINUX, proxy: Proxy(), se:cdp: ws://localhost:40667/devtoo..., se:cdpVersion: 102.0.5005.115, setWindowRect: true, strictFileInteractability: false, timeouts: {implicit: 0, pageLoad: 300000, script: 30000}, unhandledPromptBehavior: dismiss and notify, webauthn:extension:credBlob: true, webauthn:extension:largeBlob: true, webauthn:virtualAuthenticators: true}\nSession ID: 3c6657cf84a6c69b199708588657bc69\n\tat jdk.internal.reflect.GeneratedConstructorAccessor128.newInstance(Unknown Source)\n\tat java.base/jdk.internal.reflect.DelegatingConstructorAccessorImpl.newInstance(DelegatingConstructorAccessorImpl.java:45)\n\tat java.base/java.lang.reflect.Constructor.newInstanceWithCaller(Constructor.java:499)\n\tat java.base/java.lang.reflect.Constructor.newInstance(Constructor.java:480)\n\tat org.openqa.selenium.remote.codec.w3c.W3CHttpResponseCodec.createException(W3CHttpResponseCodec.java:200)\n\tat org.openqa.selenium.remote.codec.w3c.W3CHttpResponseCodec.decode(W3CHttpResponseCodec.java:133)\n\tat org.openqa.selenium.remote.codec.w3c.W3CHttpResponseCodec.decode(W3CHttpResponseCodec.java:53)\n\tat org.openqa.selenium.remote.HttpCommandExecutor.execute(HttpCommandExecutor.java:184)\n\tat org.openqa.selenium.remote.service.DriverCommandExecutor.invokeExecute(DriverCommandExecutor.java:167)\n\tat org.openqa.selenium.remote.service.DriverCommandExecutor.execute(DriverCommandExecutor.java:142)\n\tat org.openqa.selenium.remote.RemoteWebDriver.execute(RemoteWebDriver.java:551)\n\tat org.openqa.selenium.remote.ElementLocation$ElementFinder$2.findElement(ElementLocation.java:162)\n\tat org.openqa.selenium.remote.ElementLocation.findElement(ElementLocation.java:60)\n\tat org.openqa.selenium.remote.RemoteWebDriver.findElement(RemoteWebDriver.java:369)\n\tat org.openqa.selenium.remote.RemoteWebDriver.findElement(RemoteWebDriver.java:361)\n\tat com.codeborne.selenide.impl.WebElementSelector.findElement(WebElementSelector.java:70)\n\tat com.codeborne.selenide.impl.WebElementSelector.findElement(WebElementSelector.java:44)\n\tat com.codeborne.selenide.impl.WebElementSelector.findElement(WebElementSelector.java:33)\n\tat com.codeborne.selenide.impl.ElementFinder.getWebElement(ElementFinder.java:102)\n\tat com.codeborne.selenide.impl.WebElementSource.checkCondition(WebElementSource.java:105)\n\tat com.codeborne.selenide.commands.Should.execute(Should.java:30)\n\tat com.codeborne.selenide.commands.Should.execute(Should.java:14)\n\tat com.codeborne.selenide.commands.Commands.execute(Commands.java:155)\n\tat com.codeborne.selenide.impl.SelenideElementProxy.dispatchAndRetry(SelenideElementProxy.java:131)\n\tat com.codeborne.selenide.impl.SelenideElementProxy.invoke(SelenideElementProxy.java:83)\n\tat jdk.proxy2/jdk.proxy2.$Proxy79.should(Unknown Source)\n\tat com.qa.interview.sollution.full.stack.sollution.frontend.utils.ElementFinderUtil.verifyElementExists(ElementFinderUtil.java:45)\n\tat com.qa.interview.sollution.full.stack.sollution.frontend.utils.ElementFinderUtil$$FastClassBySpringCGLIB$$e271ed32.invoke(<generated>)\n\tat org.springframework.cglib.proxy.MethodProxy.invoke(MethodProxy.java:218)\n\tat org.springframework.aop.framework.CglibAopProxy.invokeMethod(CglibAopProxy.java:386)\n\tat org.springframework.aop.framework.CglibAopProxy.access$000(CglibAopProxy.java:85)\n\tat org.springframework.aop.framework.CglibAopProxy$DynamicAdvisedInterceptor.intercept(CglibAopProxy.java:704)\n\tat com.qa.interview.sollution.full.stack.sollution.frontend.utils.ElementFinderUtil$$EnhancerBySpringCGLIB$$c424c87.verifyElementExists(<generated>)\n\tat com.qa.interview.sollution.full.stack.sollution.frontend.pages.components.SearchDropdown.findOptionByText(SearchDropdown.java:35)\n\tat com.qa.interview.sollution.full.stack.sollution.frontend.pages.components.SearchDropdown.chooseOptionByText(SearchDropdown.java:30)\n\tat com.qa.interview.sollution.full.stack.sollution.frontend.pages.components.SearchDropdown$$FastClassBySpringCGLIB$$50eb6b12.invoke(<generated>)\n\tat org.springframework.cglib.proxy.MethodProxy.invoke(MethodProxy.java:218)\n\tat org.springframework.aop.framework.CglibAopProxy.invokeMethod(CglibAopProxy.java:386)\n\tat org.springframework.aop.framework.CglibAopProxy.access$000(CglibAopProxy.java:85)\n\tat org.springframework.aop.framework.CglibAopProxy$DynamicAdvisedInterceptor.intercept(CglibAopProxy.java:704)\n\tat com.qa.interview.sollution.full.stack.sollution.frontend.pages.components.SearchDropdown$$EnhancerBySpringCGLIB$$c51c7227.chooseOptionByText(<generated>)\n\tat com.qa.interview.sollution.full.stack.sollution.frontend.pages.components.SearchBar.searchFor(SearchBar.java:34)\n\tat com.qa.interview.sollution.full.stack.sollution.frontend.pages.components.SearchBar$$FastClassBySpringCGLIB$$c5a73872.invoke(<generated>)\n\tat org.springframework.cglib.proxy.MethodProxy.invoke(MethodProxy.java:218)\n\tat org.springframework.aop.framework.CglibAopProxy.invokeMethod(CglibAopProxy.java:386)\n\tat org.springframework.aop.framework.CglibAopProxy.access$000(CglibAopProxy.java:85)\n\tat org.springframework.aop.framework.CglibAopProxy$DynamicAdvisedInterceptor.intercept(CglibAopProxy.java:704)\n\tat com.qa.interview.sollution.full.stack.sollution.frontend.pages.components.SearchBar$$EnhancerBySpringCGLIB$$56eb3647.searchFor(<generated>)\n\tat com.qa.interview.sollution.full.stack.sollution.steps.frontend.WeatherSiteSteps.userFindsCurrentForecastForSpecificCity(WeatherSiteSteps.java:59)\n\tat java.base/jdk.internal.reflect.NativeMethodAccessorImpl.invoke0(Native Method)\n\tat java.base/jdk.internal.reflect.NativeMethodAccessorImpl.invoke(NativeMethodAccessorImpl.java:77)\n\tat java.base/jdk.internal.reflect.DelegatingMethodAccessorImpl.invoke(DelegatingMethodAccessorImpl.java:43)\n\tat java.base/java.lang.reflect.Method.invoke(Method.java:568)\n\tat io.cucumber.java.Invoker.doInvoke(Invoker.java:66)\n\tat io.cucumber.java.Invoker.invoke(Invoker.java:24)\n\tat io.cucumber.java.AbstractGlueDefinition.invokeMethod(AbstractGlueDefinition.java:47)\n\tat io.cucumber.java.JavaStepDefinition.execute(JavaStepDefinition.java:29)\n\tat io.cucumber.core.runner.CoreStepDefinition.execute(CoreStepDefinition.java:66)\n\tat io.cucumber.core.runner.PickleStepDefinitionMatch.runStep(PickleStepDefinitionMatch.java:63)\n\tat io.cucumber.core.runner.ExecutionMode$1.execute(ExecutionMode.java:10)\n\tat io.cucumber.core.runner.TestStep.executeStep(TestStep.java:85)\n\tat io.cucumber.core.runner.TestStep.run(TestStep.java:57)\n\tat io.cucumber.core.runner.PickleStepTestStep.run(PickleStepTestStep.java:51)\n\tat io.cucumber.core.runner.TestCase.run(TestCase.java:84)\n\tat io.cucumber.core.runner.Runner.runPickle(Runner.java:75)\n\tat io.cucumber.testng.TestNGCucumberRunner.lambda$runScenario$1(TestNGCucumberRunner.java:132)\n\tat io.cucumber.core.runtime.CucumberExecutionContext.lambda$runTestCase$5(CucumberExecutionContext.java:129)\n\tat io.cucumber.core.runtime.RethrowingThrowableCollector.executeAndThrow(RethrowingThrowableCollector.java:23)\n\tat io.cucumber.core.runtime.CucumberExecutionContext.runTestCase(CucumberExecutionContext.java:129)\n\tat io.cucumber.testng.TestNGCucumberRunner.runScenario(TestNGCucumberRunner.java:129)\n\tat io.cucumber.testng.AbstractTestNGCucumberTests.runScenario(AbstractTestNGCucumberTests.java:35)\n\tat jdk.internal.reflect.GeneratedMethodAccessor298.invoke(Unknown Source)\n\tat java.base/jdk.internal.reflect.DelegatingMethodAccessorImpl.invoke(DelegatingMethodAccessorImpl.java:43)\n\tat java.base/java.lang.reflect.Method.invoke(Method.java:568)\n\tat org.testng.internal.invokers.MethodInvocationHelper.invokeMethod(MethodInvocationHelper.java:139)\n\tat org.testng.internal.invokers.TestInvoker.invokeMethod(TestInvoker.java:677)\n\tat org.testng.internal.invokers.TestInvoker.invokeTestMethod(TestInvoker.java:221)\n\tat org.testng.internal.invokers.TestMethodWithDataProviderMethodWorker.call(TestMethodWithDataProviderMethodWorker.java:80)\n\tat org.testng.internal.invokers.TestMethodWithDataProviderMethodWorker.call(TestMethodWithDataProviderMethodWorker.java:17)\n\tat java.base/java.util.concurrent.FutureTask.run(FutureTask.java:264)\n\tat java.base/java.util.concurrent.Executors$RunnableAdapter.call(Executors.java:539)\n\tat java.base/java.util.concurrent.FutureTask.run(FutureTask.java:264)\n\tat java.base/java.util.concurrent.ThreadPoolExecutor.runWorker(ThreadPoolExecutor.java:1136)\n\tat java.base/java.util.concurrent.ThreadPoolExecutor$Worker.run(ThreadPoolExecutor.java:635)\n\tat java.base/java.lang.Thread.run(Thread.java:833)\n","steps":[{"name":"Given  User is on Home Page","time":{"start":1655407018854,"stop":1655407022573,"duration":3719},"status":"passed","steps":[{"name":"$(\"webdriver\") create()","time":{"start":1655407018946,"stop":1655407019328,"duration":382},"status":"passed","steps":[],"attachments":[],"parameters":[],"stepsCount":0,"attachmentsCount":0,"shouldDisplayMessage":false,"hasContent":false},{"name":"$(\"open\") https://openweathermap.org/","time":{"start":1655407019328,"stop":1655407022573,"duration":3245},"status":"passed","steps":[],"attachments":[],"parameters":[],"stepsCount":0,"attachmentsCount":0,"shouldDisplayMessage":false,"hasContent":false}],"attachments":[],"parameters":[],"stepsCount":2,"attachmentsCount":0,"shouldDisplayMessage":false,"hasContent":true},{"name":"When  User finds current forecast for city 'Sydney' from 'Australia'","time":{"start":1655407022574,"stop":1655407032561,"duration":9987},"status":"failed","statusMessage":"Element not found {By.xpath: //ul[@class='search-dropdown-menu']}\nExpected: exist\nScreenshot: file:/home/runner/work/backend-qa-interview/backend-qa-interview/full-stack-sollution/build/reports/tests/1655407032321.0.png\nPage source: file:/home/runner/work/backend-qa-interview/backend-qa-interview/full-stack-sollution/build/reports/tests/1655407032321.0.html\nTimeout: 5 s.\nCaused by: NoSuchElementException: no such element: Unable to locate element: {\"method\":\"xpath\",\"selector\":\"//ul[@class='search-dropdown-menu']\"}","statusTrace":"Element not found {By.xpath: //ul[@class='search-dropdown-menu']}\nExpected: exist\nScreenshot: file:/home/runner/work/backend-qa-interview/backend-qa-interview/full-stack-sollution/build/reports/tests/1655407032321.0.png\nPage source: file:/home/runner/work/backend-qa-interview/backend-qa-interview/full-stack-sollution/build/reports/tests/1655407032321.0.html\nTimeout: 5 s.\nCaused by: NoSuchElementException: no such element: Unable to locate element: {\"method\":\"xpath\",\"selector\":\"//ul[@class='search-dropdown-menu']\"}\n\tat com.codeborne.selenide.impl.WebElementSource.createElementNotFoundError(WebElementSource.java:87)\n\tat com.codeborne.selenide.impl.ElementFinder.createElementNotFoundError(ElementFinder.java:122)\n\tat com.codeborne.selenide.impl.WebElementSource.checkCondition(WebElementSource.java:124)\n\tat com.codeborne.selenide.commands.Should.execute(Should.java:30)\n\tat com.codeborne.selenide.commands.Should.execute(Should.java:14)\n\tat com.codeborne.selenide.commands.Commands.execute(Commands.java:155)\n\tat com.codeborne.selenide.impl.SelenideElementProxy.dispatchAndRetry(SelenideElementProxy.java:131)\n\tat com.codeborne.selenide.impl.SelenideElementProxy.invoke(SelenideElementProxy.java:83)\n\tat jdk.proxy2/jdk.proxy2.$Proxy79.should(Unknown Source)\n\tat com.qa.interview.sollution.full.stack.sollution.frontend.utils.ElementFinderUtil.verifyElementExists(ElementFinderUtil.java:45)\n\tat com.qa.interview.sollution.full.stack.sollution.frontend.utils.ElementFinderUtil$$FastClassBySpringCGLIB$$e271ed32.invoke(<generated>)\n\tat org.springframework.cglib.proxy.MethodProxy.invoke(MethodProxy.java:218)\n\tat org.springframework.aop.framework.CglibAopProxy.invokeMethod(CglibAopProxy.java:386)\n\tat org.springframework.aop.framework.CglibAopProxy.access$000(CglibAopProxy.java:85)\n\tat org.springframework.aop.framework.CglibAopProxy$DynamicAdvisedInterceptor.intercept(CglibAopProxy.java:704)\n\tat com.qa.interview.sollution.full.stack.sollution.frontend.utils.ElementFinderUtil$$EnhancerBySpringCGLIB$$c424c87.verifyElementExists(<generated>)\n\tat com.qa.interview.sollution.full.stack.sollution.frontend.pages.components.SearchDropdown.findOptionByText(SearchDropdown.java:35)\n\tat com.qa.interview.sollution.full.stack.sollution.frontend.pages.components.SearchDropdown.chooseOptionByText(SearchDropdown.java:30)\n\tat com.qa.interview.sollution.full.stack.sollution.frontend.pages.components.SearchDropdown$$FastClassBySpringCGLIB$$50eb6b12.invoke(<generated>)\n\tat org.springframework.cglib.proxy.MethodProxy.invoke(MethodProxy.java:218)\n\tat org.springframework.aop.framework.CglibAopProxy.invokeMethod(CglibAopProxy.java:386)\n\tat org.springframework.aop.framework.CglibAopProxy.access$000(CglibAopProxy.java:85)\n\tat org.springframework.aop.framework.CglibAopProxy$DynamicAdvisedInterceptor.intercept(CglibAopProxy.java:704)\n\tat com.qa.interview.sollution.full.stack.sollution.frontend.pages.components.SearchDropdown$$EnhancerBySpringCGLIB$$c51c7227.chooseOptionByText(<generated>)\n\tat com.qa.interview.sollution.full.stack.sollution.frontend.pages.components.SearchBar.searchFor(SearchBar.java:34)\n\tat com.qa.interview.sollution.full.stack.sollution.frontend.pages.components.SearchBar$$FastClassBySpringCGLIB$$c5a73872.invoke(<generated>)\n\tat org.springframework.cglib.proxy.MethodProxy.invoke(MethodProxy.java:218)\n\tat org.springframework.aop.framework.CglibAopProxy.invokeMethod(CglibAopProxy.java:386)\n\tat org.springframework.aop.framework.CglibAopProxy.access$000(CglibAopProxy.java:85)\n\tat org.springframework.aop.framework.CglibAopProxy$DynamicAdvisedInterceptor.intercept(CglibAopProxy.java:704)\n\tat com.qa.interview.sollution.full.stack.sollution.frontend.pages.components.SearchBar$$EnhancerBySpringCGLIB$$56eb3647.searchFor(<generated>)\n\tat com.qa.interview.sollution.full.stack.sollution.steps.frontend.WeatherSiteSteps.userFindsCurrentForecastForSpecificCity(WeatherSiteSteps.java:59)\n\tat ✽.User finds current forecast for city 'Sydney' from 'Australia'(classpath:features/frontend/weather.feature:13)\nCaused by: org.openqa.selenium.NoSuchElementException: no such element: Unable to locate element: {\"method\":\"xpath\",\"selector\":\"//ul[@class='search-dropdown-menu']\"}\n  (Session info: headless chrome=102.0.5005.115)\nFor documentation on this error, please visit: https://selenium.dev/exceptions/#no_such_element\nBuild info: version: '4.2.1', revision: 'ac4d0fdd4a'\nSystem info: host: 'fv-az128-475', ip: '10.1.0.164', os.name: 'Linux', os.arch: 'amd64', os.version: '5.13.0-1029-azure', java.version: '17.0.3'\nDriver info: org.openqa.selenium.chrome.ChromeDriver\nCommand: [3c6657cf84a6c69b199708588657bc69, findElement {using=xpath, value=//ul[@class='search-dropdown-menu']}]\nCapabilities {acceptInsecureCerts: true, browserName: chrome, browserVersion: 102.0.5005.115, chrome: {chromedriverVersion: 102.0.5005.61 (0e59bcc00cc4..., userDataDir: /tmp/.com.google.Chrome.3YLNLB}, goog:chromeOptions: {debuggerAddress: localhost:40667}, networkConnectionEnabled: false, pageLoadStrategy: normal, platformName: LINUX, proxy: Proxy(), se:cdp: ws://localhost:40667/devtoo..., se:cdpVersion: 102.0.5005.115, setWindowRect: true, strictFileInteractability: false, timeouts: {implicit: 0, pageLoad: 300000, script: 30000}, unhandledPromptBehavior: dismiss and notify, webauthn:extension:credBlob: true, webauthn:extension:largeBlob: true, webauthn:virtualAuthenticators: true}\nSession ID: 3c6657cf84a6c69b199708588657bc69\n\tat jdk.internal.reflect.GeneratedConstructorAccessor128.newInstance(Unknown Source)\n\tat java.base/jdk.internal.reflect.DelegatingConstructorAccessorImpl.newInstance(DelegatingConstructorAccessorImpl.java:45)\n\tat java.base/java.lang.reflect.Constructor.newInstanceWithCaller(Constructor.java:499)\n\tat java.base/java.lang.reflect.Constructor.newInstance(Constructor.java:480)\n\tat org.openqa.selenium.remote.codec.w3c.W3CHttpResponseCodec.createException(W3CHttpResponseCodec.java:200)\n\tat org.openqa.selenium.remote.codec.w3c.W3CHttpResponseCodec.decode(W3CHttpResponseCodec.java:133)\n\tat org.openqa.selenium.remote.codec.w3c.W3CHttpResponseCodec.decode(W3CHttpResponseCodec.java:53)\n\tat org.openqa.selenium.remote.HttpCommandExecutor.execute(HttpCommandExecutor.java:184)\n\tat org.openqa.selenium.remote.service.DriverCommandExecutor.invokeExecute(DriverCommandExecutor.java:167)\n\tat org.openqa.selenium.remote.service.DriverCommandExecutor.execute(DriverCommandExecutor.java:142)\n\tat org.openqa.selenium.remote.RemoteWebDriver.execute(RemoteWebDriver.java:551)\n\tat org.openqa.selenium.remote.ElementLocation$ElementFinder$2.findElement(ElementLocation.java:162)\n\tat org.openqa.selenium.remote.ElementLocation.findElement(ElementLocation.java:60)\n\tat org.openqa.selenium.remote.RemoteWebDriver.findElement(RemoteWebDriver.java:369)\n\tat org.openqa.selenium.remote.RemoteWebDriver.findElement(RemoteWebDriver.java:361)\n\tat com.codeborne.selenide.impl.WebElementSelector.findElement(WebElementSelector.java:70)\n\tat com.codeborne.selenide.impl.WebElementSelector.findElement(WebElementSelector.java:44)\n\tat com.codeborne.selenide.impl.WebElementSelector.findElement(WebElementSelector.java:33)\n\tat com.codeborne.selenide.impl.ElementFinder.getWebElement(ElementFinder.java:102)\n\tat com.codeborne.selenide.impl.WebElementSource.checkCondition(WebElementSource.java:105)\n\tat com.codeborne.selenide.commands.Should.execute(Should.java:30)\n\tat com.codeborne.selenide.commands.Should.execute(Should.java:14)\n\tat com.codeborne.selenide.commands.Commands.execute(Commands.java:155)\n\tat com.codeborne.selenide.impl.SelenideElementProxy.dispatchAndRetry(SelenideElementProxy.java:131)\n\tat com.codeborne.selenide.impl.SelenideElementProxy.invoke(SelenideElementProxy.java:83)\n\tat jdk.proxy2/jdk.proxy2.$Proxy79.should(Unknown Source)\n\tat com.qa.interview.sollution.full.stack.sollution.frontend.utils.ElementFinderUtil.verifyElementExists(ElementFinderUtil.java:45)\n\tat com.qa.interview.sollution.full.stack.sollution.frontend.utils.ElementFinderUtil$$FastClassBySpringCGLIB$$e271ed32.invoke(<generated>)\n\tat org.springframework.cglib.proxy.MethodProxy.invoke(MethodProxy.java:218)\n\tat org.springframework.aop.framework.CglibAopProxy.invokeMethod(CglibAopProxy.java:386)\n\tat org.springframework.aop.framework.CglibAopProxy.access$000(CglibAopProxy.java:85)\n\tat org.springframework.aop.framework.CglibAopProxy$DynamicAdvisedInterceptor.intercept(CglibAopProxy.java:704)\n\tat com.qa.interview.sollution.full.stack.sollution.frontend.utils.ElementFinderUtil$$EnhancerBySpringCGLIB$$c424c87.verifyElementExists(<generated>)\n\tat com.qa.interview.sollution.full.stack.sollution.frontend.pages.components.SearchDropdown.findOptionByText(SearchDropdown.java:35)\n\tat com.qa.interview.sollution.full.stack.sollution.frontend.pages.components.SearchDropdown.chooseOptionByText(SearchDropdown.java:30)\n\tat com.qa.interview.sollution.full.stack.sollution.frontend.pages.components.SearchDropdown$$FastClassBySpringCGLIB$$50eb6b12.invoke(<generated>)\n\tat org.springframework.cglib.proxy.MethodProxy.invoke(MethodProxy.java:218)\n\tat org.springframework.aop.framework.CglibAopProxy.invokeMethod(CglibAopProxy.java:386)\n\tat org.springframework.aop.framework.CglibAopProxy.access$000(CglibAopProxy.java:85)\n\tat org.springframework.aop.framework.CglibAopProxy$DynamicAdvisedInterceptor.intercept(CglibAopProxy.java:704)\n\tat com.qa.interview.sollution.full.stack.sollution.frontend.pages.components.SearchDropdown$$EnhancerBySpringCGLIB$$c51c7227.chooseOptionByText(<generated>)\n\tat com.qa.interview.sollution.full.stack.sollution.frontend.pages.components.SearchBar.searchFor(SearchBar.java:34)\n\tat com.qa.interview.sollution.full.stack.sollution.frontend.pages.components.SearchBar$$FastClassBySpringCGLIB$$c5a73872.invoke(<generated>)\n\tat org.springframework.cglib.proxy.MethodProxy.invoke(MethodProxy.java:218)\n\tat org.springframework.aop.framework.CglibAopProxy.invokeMethod(CglibAopProxy.java:386)\n\tat org.springframework.aop.framework.CglibAopProxy.access$000(CglibAopProxy.java:85)\n\tat org.springframework.aop.framework.CglibAopProxy$DynamicAdvisedInterceptor.intercept(CglibAopProxy.java:704)\n\tat com.qa.interview.sollution.full.stack.sollution.frontend.pages.components.SearchBar$$EnhancerBySpringCGLIB$$56eb3647.searchFor(<generated>)\n\tat com.qa.interview.sollution.full.stack.sollution.steps.frontend.WeatherSiteSteps.userFindsCurrentForecastForSpecificCity(WeatherSiteSteps.java:59)\n\tat java.base/jdk.internal.reflect.NativeMethodAccessorImpl.invoke0(Native Method)\n\tat java.base/jdk.internal.reflect.NativeMethodAccessorImpl.invoke(NativeMethodAccessorImpl.java:77)\n\tat java.base/jdk.internal.reflect.DelegatingMethodAccessorImpl.invoke(DelegatingMethodAccessorImpl.java:43)\n\tat java.base/java.lang.reflect.Method.invoke(Method.java:568)\n\tat io.cucumber.java.Invoker.doInvoke(Invoker.java:66)\n\tat io.cucumber.java.Invoker.invoke(Invoker.java:24)\n\tat io.cucumber.java.AbstractGlueDefinition.invokeMethod(AbstractGlueDefinition.java:47)\n\tat io.cucumber.java.JavaStepDefinition.execute(JavaStepDefinition.java:29)\n\tat io.cucumber.core.runner.CoreStepDefinition.execute(CoreStepDefinition.java:66)\n\tat io.cucumber.core.runner.PickleStepDefinitionMatch.runStep(PickleStepDefinitionMatch.java:63)\n\tat io.cucumber.core.runner.ExecutionMode$1.execute(ExecutionMode.java:10)\n\tat io.cucumber.core.runner.TestStep.executeStep(TestStep.java:85)\n\tat io.cucumber.core.runner.TestStep.run(TestStep.java:57)\n\tat io.cucumber.core.runner.PickleStepTestStep.run(PickleStepTestStep.java:51)\n\tat io.cucumber.core.runner.TestCase.run(TestCase.java:84)\n\tat io.cucumber.core.runner.Runner.runPickle(Runner.java:75)\n\tat io.cucumber.testng.TestNGCucumberRunner.lambda$runScenario$1(TestNGCucumberRunner.java:132)\n\tat io.cucumber.core.runtime.CucumberExecutionContext.lambda$runTestCase$5(CucumberExecutionContext.java:129)\n\tat io.cucumber.core.runtime.RethrowingThrowableCollector.executeAndThrow(RethrowingThrowableCollector.java:23)\n\tat io.cucumber.core.runtime.CucumberExecutionContext.runTestCase(CucumberExecutionContext.java:129)\n\tat io.cucumber.testng.TestNGCucumberRunner.runScenario(TestNGCucumberRunner.java:129)\n\tat io.cucumber.testng.AbstractTestNGCucumberTests.runScenario(AbstractTestNGCucumberTests.java:35)\n\tat jdk.internal.reflect.GeneratedMethodAccessor298.invoke(Unknown Source)\n\tat java.base/jdk.internal.reflect.DelegatingMethodAccessorImpl.invoke(DelegatingMethodAccessorImpl.java:43)\n\tat java.base/java.lang.reflect.Method.invoke(Method.java:568)\n\tat org.testng.internal.invokers.MethodInvocationHelper.invokeMethod(MethodInvocationHelper.java:139)\n\tat org.testng.internal.invokers.TestInvoker.invokeMethod(TestInvoker.java:677)\n\tat org.testng.internal.invokers.TestInvoker.invokeTestMethod(TestInvoker.java:221)\n\tat org.testng.internal.invokers.TestMethodWithDataProviderMethodWorker.call(TestMethodWithDataProviderMethodWorker.java:80)\n\tat org.testng.internal.invokers.TestMethodWithDataProviderMethodWorker.call(TestMethodWithDataProviderMethodWorker.java:17)\n\tat java.base/java.util.concurrent.FutureTask.run(FutureTask.java:264)\n\tat java.base/java.util.concurrent.Executors$RunnableAdapter.call(Executors.java:539)\n\tat java.base/java.util.concurrent.FutureTask.run(FutureTask.java:264)\n\tat java.base/java.util.concurrent.ThreadPoolExecutor.runWorker(ThreadPoolExecutor.java:1136)\n\tat java.base/java.util.concurrent.ThreadPoolExecutor$Worker.run(ThreadPoolExecutor.java:635)\n\tat java.base/java.lang.Thread.run(Thread.java:833)\n","steps":[{"name":"$(\"By.xpath: //div[@class='search-container']\") should(exist)","time":{"start":1655407022745,"stop":1655407023258,"duration":513},"status":"passed","steps":[],"attachments":[],"parameters":[],"stepsCount":0,"attachmentsCount":0,"shouldDisplayMessage":false,"hasContent":false},{"name":"$(\"By.xpath: //div[@class='search-container']/By.xpath: ./input\") should(exist)","time":{"start":1655407023266,"stop":1655407023445,"duration":179},"status":"passed","steps":[],"attachments":[],"parameters":[],"stepsCount":0,"attachmentsCount":0,"shouldDisplayMessage":false,"hasContent":false},{"name":"$(\"By.xpath: //div[@class='search-container']/By.xpath: ./input\") should(editable)","time":{"start":1655407023445,"stop":1655407023688,"duration":243},"status":"passed","steps":[],"attachments":[],"parameters":[],"stepsCount":0,"attachmentsCount":0,"shouldDisplayMessage":false,"hasContent":false},{"name":"$(\"By.xpath: //div[@class='search-container']/By.xpath: ./input\") set value(Sydney, AU)","time":{"start":1655407023688,"stop":1655407024017,"duration":329},"status":"passed","steps":[],"attachments":[],"parameters":[],"stepsCount":0,"attachmentsCount":0,"shouldDisplayMessage":false,"hasContent":false},{"name":"$(\"By.xpath: //div[@class='search-container']/By.xpath: ./input\") should not be(empty: attribute value=\"\" and exact text \"\")","time":{"start":1655407024017,"stop":1655407024071,"duration":54},"status":"passed","steps":[],"attachments":[],"parameters":[],"stepsCount":0,"attachmentsCount":0,"shouldDisplayMessage":false,"hasContent":false},{"name":"$(\"By.xpath: //div[@class='search-container']/By.xpath: ./input\") should have(value=\"Sydney, AU\")","time":{"start":1655407024071,"stop":1655407024108,"duration":37},"status":"passed","steps":[],"attachments":[],"parameters":[],"stepsCount":0,"attachmentsCount":0,"shouldDisplayMessage":false,"hasContent":false},{"name":"$(\"By.xpath: //div[@class='search-container']\") should(exist)","time":{"start":1655407024109,"stop":1655407024154,"duration":45},"status":"passed","steps":[],"attachments":[],"parameters":[],"stepsCount":0,"attachmentsCount":0,"shouldDisplayMessage":false,"hasContent":false},{"name":"$(\"By.xpath: //div[@class='search-container']/By.xpath: ./following-sibling::button[@type='submit']\") should(exist)","time":{"start":1655407024155,"stop":1655407024214,"duration":59},"status":"passed","steps":[],"attachments":[],"parameters":[],"stepsCount":0,"attachmentsCount":0,"shouldDisplayMessage":false,"hasContent":false},{"name":"$(\"By.xpath: //div[@class='search-container']/By.xpath: ./following-sibling::button[@type='submit']\") should(editable)","time":{"start":1655407024214,"stop":1655407024276,"duration":62},"status":"passed","steps":[],"attachments":[],"parameters":[],"stepsCount":0,"attachmentsCount":0,"shouldDisplayMessage":false,"hasContent":false},{"name":"$(\"By.xpath: //div[@class='search-container']/By.xpath: ./following-sibling::button[@type='submit']\") click()","time":{"start":1655407024276,"stop":1655407027269,"duration":2993},"status":"passed","steps":[],"attachments":[],"parameters":[],"stepsCount":0,"attachmentsCount":0,"shouldDisplayMessage":false,"hasContent":false},{"name":"$(\"By.xpath: //ul[@class='search-dropdown-menu']\") should(exist)","time":{"start":1655407027279,"stop":1655407032549,"duration":5270},"status":"failed","statusMessage":"Element not found {By.xpath: //ul[@class='search-dropdown-menu']}\nExpected: exist\nScreenshot: file:/home/runner/work/backend-qa-interview/backend-qa-interview/full-stack-sollution/build/reports/tests/1655407032321.0.png\nPage source: file:/home/runner/work/backend-qa-interview/backend-qa-interview/full-stack-sollution/build/reports/tests/1655407032321.0.html\nTimeout: 5 s.\nCaused by: NoSuchElementException: no such element: Unable to locate element: {\"method\":\"xpath\",\"selector\":\"//ul[@class='search-dropdown-menu']\"}","statusTrace":"Element not found {By.xpath: //ul[@class='search-dropdown-menu']}\nExpected: exist\nScreenshot: file:/home/runner/work/backend-qa-interview/backend-qa-interview/full-stack-sollution/build/reports/tests/1655407032321.0.png\nPage source: file:/home/runner/work/backend-qa-interview/backend-qa-interview/full-stack-sollution/build/reports/tests/1655407032321.0.html\nTimeout: 5 s.\nCaused by: NoSuchElementException: no such element: Unable to locate element: {\"method\":\"xpath\",\"selector\":\"//ul[@class='search-dropdown-menu']\"}\n\tat com.codeborne.selenide.impl.WebElementSource.createElementNotFoundError(WebElementSource.java:87)\n\tat com.codeborne.selenide.impl.ElementFinder.createElementNotFoundError(ElementFinder.java:122)\n\tat com.codeborne.selenide.impl.WebElementSource.checkCondition(WebElementSource.java:124)\n\tat com.codeborne.selenide.commands.Should.execute(Should.java:30)\n\tat com.codeborne.selenide.commands.Should.execute(Should.java:14)\n\tat com.codeborne.selenide.commands.Commands.execute(Commands.java:155)\n\tat com.codeborne.selenide.impl.SelenideElementProxy.dispatchAndRetry(SelenideElementProxy.java:131)\n\tat com.codeborne.selenide.impl.SelenideElementProxy.invoke(SelenideElementProxy.java:83)\n\tat jdk.proxy2/jdk.proxy2.$Proxy79.should(Unknown Source)\n\tat com.qa.interview.sollution.full.stack.sollution.frontend.utils.ElementFinderUtil.verifyElementExists(ElementFinderUtil.java:45)\n\tat com.qa.interview.sollution.full.stack.sollution.frontend.utils.ElementFinderUtil$$FastClassBySpringCGLIB$$e271ed32.invoke(<generated>)\n\tat org.springframework.cglib.proxy.MethodProxy.invoke(MethodProxy.java:218)\n\tat org.springframework.aop.framework.CglibAopProxy.invokeMethod(CglibAopProxy.java:386)\n\tat org.springframework.aop.framework.CglibAopProxy.access$000(CglibAopProxy.java:85)\n\tat org.springframework.aop.framework.CglibAopProxy$DynamicAdvisedInterceptor.intercept(CglibAopProxy.java:704)\n\tat com.qa.interview.sollution.full.stack.sollution.frontend.utils.ElementFinderUtil$$EnhancerBySpringCGLIB$$c424c87.verifyElementExists(<generated>)\n\tat com.qa.interview.sollution.full.stack.sollution.frontend.pages.components.SearchDropdown.findOptionByText(SearchDropdown.java:35)\n\tat com.qa.interview.sollution.full.stack.sollution.frontend.pages.components.SearchDropdown.chooseOptionByText(SearchDropdown.java:30)\n\tat com.qa.interview.sollution.full.stack.sollution.frontend.pages.components.SearchDropdown$$FastClassBySpringCGLIB$$50eb6b12.invoke(<generated>)\n\tat org.springframework.cglib.proxy.MethodProxy.invoke(MethodProxy.java:218)\n\tat org.springframework.aop.framework.CglibAopProxy.invokeMethod(CglibAopProxy.java:386)\n\tat org.springframework.aop.framework.CglibAopProxy.access$000(CglibAopProxy.java:85)\n\tat org.springframework.aop.framework.CglibAopProxy$DynamicAdvisedInterceptor.intercept(CglibAopProxy.java:704)\n\tat com.qa.interview.sollution.full.stack.sollution.frontend.pages.components.SearchDropdown$$EnhancerBySpringCGLIB$$c51c7227.chooseOptionByText(<generated>)\n\tat com.qa.interview.sollution.full.stack.sollution.frontend.pages.components.SearchBar.searchFor(SearchBar.java:34)\n\tat com.qa.interview.sollution.full.stack.sollution.frontend.pages.components.SearchBar$$FastClassBySpringCGLIB$$c5a73872.invoke(<generated>)\n\tat org.springframework.cglib.proxy.MethodProxy.invoke(MethodProxy.java:218)\n\tat org.springframework.aop.framework.CglibAopProxy.invokeMethod(CglibAopProxy.java:386)\n\tat org.springframework.aop.framework.CglibAopProxy.access$000(CglibAopProxy.java:85)\n\tat org.springframework.aop.framework.CglibAopProxy$DynamicAdvisedInterceptor.intercept(CglibAopProxy.java:704)\n\tat com.qa.interview.sollution.full.stack.sollution.frontend.pages.components.SearchBar$$EnhancerBySpringCGLIB$$56eb3647.searchFor(<generated>)\n\tat com.qa.interview.sollution.full.stack.sollution.steps.frontend.WeatherSiteSteps.userFindsCurrentForecastForSpecificCity(WeatherSiteSteps.java:59)\n\tat java.base/jdk.internal.reflect.NativeMethodAccessorImpl.invoke0(Native Method)\n\tat java.base/jdk.internal.reflect.NativeMethodAccessorImpl.invoke(NativeMethodAccessorImpl.java:77)\n\tat java.base/jdk.internal.reflect.DelegatingMethodAccessorImpl.invoke(DelegatingMethodAccessorImpl.java:43)\n\tat java.base/java.lang.reflect.Method.invoke(Method.java:568)\n\tat io.cucumber.java.Invoker.doInvoke(Invoker.java:66)\n\tat io.cucumber.java.Invoker.invoke(Invoker.java:24)\n\tat io.cucumber.java.AbstractGlueDefinition.invokeMethod(AbstractGlueDefinition.java:47)\n\tat io.cucumber.java.JavaStepDefinition.execute(JavaStepDefinition.java:29)\n\tat io.cucumber.core.runner.CoreStepDefinition.execute(CoreStepDefinition.java:66)\n\tat io.cucumber.core.runner.PickleStepDefinitionMatch.runStep(PickleStepDefinitionMatch.java:63)\n\tat io.cucumber.core.runner.ExecutionMode$1.execute(ExecutionMode.java:10)\n\tat io.cucumber.core.runner.TestStep.executeStep(TestStep.java:85)\n\tat io.cucumber.core.runner.TestStep.run(TestStep.java:57)\n\tat io.cucumber.core.runner.PickleStepTestStep.run(PickleStepTestStep.java:51)\n\tat io.cucumber.core.runner.TestCase.run(TestCase.java:84)\n\tat io.cucumber.core.runner.Runner.runPickle(Runner.java:75)\n\tat io.cucumber.testng.TestNGCucumberRunner.lambda$runScenario$1(TestNGCucumberRunner.java:132)\n\tat io.cucumber.core.runtime.CucumberExecutionContext.lambda$runTestCase$5(CucumberExecutionContext.java:129)\n\tat io.cucumber.core.runtime.RethrowingThrowableCollector.executeAndThrow(RethrowingThrowableCollector.java:23)\n\tat io.cucumber.core.runtime.CucumberExecutionContext.runTestCase(CucumberExecutionContext.java:129)\n\tat io.cucumber.testng.TestNGCucumberRunner.runScenario(TestNGCucumberRunner.java:129)\n\tat io.cucumber.testng.AbstractTestNGCucumberTests.runScenario(AbstractTestNGCucumberTests.java:35)\n\tat jdk.internal.reflect.GeneratedMethodAccessor298.invoke(Unknown Source)\n\tat java.base/jdk.internal.reflect.DelegatingMethodAccessorImpl.invoke(DelegatingMethodAccessorImpl.java:43)\n\tat java.base/java.lang.reflect.Method.invoke(Method.java:568)\n\tat org.testng.internal.invokers.MethodInvocationHelper.invokeMethod(MethodInvocationHelper.java:139)\n\tat org.testng.internal.invokers.TestInvoker.invokeMethod(TestInvoker.java:677)\n\tat org.testng.internal.invokers.TestInvoker.invokeTestMethod(TestInvoker.java:221)\n\tat org.testng.internal.invokers.TestMethodWithDataProviderMethodWorker.call(TestMethodWithDataProviderMethodWorker.java:80)\n\tat org.testng.internal.invokers.TestMethodWithDataProviderMethodWorker.call(TestMethodWithDataProviderMethodWorker.java:17)\n\tat java.base/java.util.concurrent.FutureTask.run(FutureTask.java:264)\n\tat java.base/java.util.concurrent.Executors$RunnableAdapter.call(Executors.java:539)\n\tat java.base/java.util.concurrent.FutureTask.run(FutureTask.java:264)\n\tat java.base/java.util.concurrent.ThreadPoolExecutor.runWorker(ThreadPoolExecutor.java:1136)\n\tat java.base/java.util.concurrent.ThreadPoolExecutor$Worker.run(ThreadPoolExecutor.java:635)\n\tat java.base/java.lang.Thread.run(Thread.java:833)\nCaused by: org.openqa.selenium.NoSuchElementException: no such element: Unable to locate element: {\"method\":\"xpath\",\"selector\":\"//ul[@class='search-dropdown-menu']\"}\n  (Session info: headless chrome=102.0.5005.115)\nFor documentation on this error, please visit: https://selenium.dev/exceptions/#no_such_element\nBuild info: version: '4.2.1', revision: 'ac4d0fdd4a'\nSystem info: host: 'fv-az128-475', ip: '10.1.0.164', os.name: 'Linux', os.arch: 'amd64', os.version: '5.13.0-1029-azure', java.version: '17.0.3'\nDriver info: org.openqa.selenium.chrome.ChromeDriver\nCommand: [3c6657cf84a6c69b199708588657bc69, findElement {using=xpath, value=//ul[@class='search-dropdown-menu']}]\nCapabilities {acceptInsecureCerts: true, browserName: chrome, browserVersion: 102.0.5005.115, chrome: {chromedriverVersion: 102.0.5005.61 (0e59bcc00cc4..., userDataDir: /tmp/.com.google.Chrome.3YLNLB}, goog:chromeOptions: {debuggerAddress: localhost:40667}, networkConnectionEnabled: false, pageLoadStrategy: normal, platformName: LINUX, proxy: Proxy(), se:cdp: ws://localhost:40667/devtoo..., se:cdpVersion: 102.0.5005.115, setWindowRect: true, strictFileInteractability: false, timeouts: {implicit: 0, pageLoad: 300000, script: 30000}, unhandledPromptBehavior: dismiss and notify, webauthn:extension:credBlob: true, webauthn:extension:largeBlob: true, webauthn:virtualAuthenticators: true}\nSession ID: 3c6657cf84a6c69b199708588657bc69\n\tat jdk.internal.reflect.GeneratedConstructorAccessor128.newInstance(Unknown Source)\n\tat java.base/jdk.internal.reflect.DelegatingConstructorAccessorImpl.newInstance(DelegatingConstructorAccessorImpl.java:45)\n\tat java.base/java.lang.reflect.Constructor.newInstanceWithCaller(Constructor.java:499)\n\tat java.base/java.lang.reflect.Constructor.newInstance(Constructor.java:480)\n\tat org.openqa.selenium.remote.codec.w3c.W3CHttpResponseCodec.createException(W3CHttpResponseCodec.java:200)\n\tat org.openqa.selenium.remote.codec.w3c.W3CHttpResponseCodec.decode(W3CHttpResponseCodec.java:133)\n\tat org.openqa.selenium.remote.codec.w3c.W3CHttpResponseCodec.decode(W3CHttpResponseCodec.java:53)\n\tat org.openqa.selenium.remote.HttpCommandExecutor.execute(HttpCommandExecutor.java:184)\n\tat org.openqa.selenium.remote.service.DriverCommandExecutor.invokeExecute(DriverCommandExecutor.java:167)\n\tat org.openqa.selenium.remote.service.DriverCommandExecutor.execute(DriverCommandExecutor.java:142)\n\tat org.openqa.selenium.remote.RemoteWebDriver.execute(RemoteWebDriver.java:551)\n\tat org.openqa.selenium.remote.ElementLocation$ElementFinder$2.findElement(ElementLocation.java:162)\n\tat org.openqa.selenium.remote.ElementLocation.findElement(ElementLocation.java:60)\n\tat org.openqa.selenium.remote.RemoteWebDriver.findElement(RemoteWebDriver.java:369)\n\tat org.openqa.selenium.remote.RemoteWebDriver.findElement(RemoteWebDriver.java:361)\n\tat com.codeborne.selenide.impl.WebElementSelector.findElement(WebElementSelector.java:70)\n\tat com.codeborne.selenide.impl.WebElementSelector.findElement(WebElementSelector.java:44)\n\tat com.codeborne.selenide.impl.WebElementSelector.findElement(WebElementSelector.java:33)\n\tat com.codeborne.selenide.impl.ElementFinder.getWebElement(ElementFinder.java:102)\n\tat com.codeborne.selenide.impl.WebElementSource.checkCondition(WebElementSource.java:105)\n\t... 65 more\n","steps":[],"attachments":[],"parameters":[],"stepsCount":0,"attachmentsCount":0,"shouldDisplayMessage":true,"hasContent":true}],"attachments":[],"parameters":[],"stepsCount":11,"attachmentsCount":0,"shouldDisplayMessage":false,"hasContent":true},{"name":"Then  Forecast should have proper city name and time","time":{"start":1655407032566,"stop":1655407032566,"duration":0},"status":"skipped","steps":[],"attachments":[],"parameters":[],"stepsCount":0,"attachmentsCount":0,"shouldDisplayMessage":false,"hasContent":false}],"attachments":[],"parameters":[],"stepsCount":16,"attachmentsCount":0,"shouldDisplayMessage":false,"hasContent":true},"afterStages":[{"name":"com.qa.interview.sollution.full.stack.sollution.steps.frontend.FrontendHooks.quitDriver()","time":{"start":1655407032566,"stop":1655407032673,"duration":107},"status":"passed","steps":[],"attachments":[],"parameters":[],"stepsCount":0,"attachmentsCount":0,"shouldDisplayMessage":false,"hasContent":false}],"labels":[{"name":"tag","value":"UI"},{"name":"host","value":"fv-az128-475"},{"name":"thread","value":"2709@fv-az128-475.TestNG-PoolService-3(18)"},{"name":"feature","value":"Frontend for OpenWeather"},{"name":"story","value":"Proper information is displayed on current forecast for Sydney, AU"},{"name":"suite","value":"Frontend for OpenWeather"},{"name":"testClass","value":"Proper information is displayed on current forecast for Sydney, AU"},{"name":"framework","value":"cucumber4jvm"},{"name":"language","value":"java"},{"name":"gherkin_uri","value":"classpath:features/frontend/weather.feature"},{"name":"package","value":"features.frontend.weather_feature.Frontend for OpenWeather"},{"name":"resultFormat","value":"allure2"}],"parameters":[],"links":[],"hidden":false,"retry":false,"extra":{"severity":"normal","retries":[{"uid":"2da809fbc749818b","status":"passed","time":{"start":1655406989930,"stop":1655407000952,"duration":11022}}],"categories":[{"name":"Product defects","matchedStatuses":[],"flaky":false}],"history":{"statistic":{"failed":2,"broken":2,"skipped":0,"passed":0,"unknown":0,"total":4},"items":[{"uid":"c9c916ac4caf8c44","reportUrl":"https://SeleniumTestAB.github.io/backend-qa-interview/12//#testresult/c9c916ac4caf8c44","status":"failed","statusDetails":"Element not found {By.xpath: //ul[@class='search-dropdown-menu']}\nExpected: exist\nScreenshot: file:/home/runner/work/backend-qa-interview/backend-qa-interview/full-stack-sollution/build/reports/tests/1655405575185.0.png\nPage source: file:/home/runner/work/backend-qa-interview/backend-qa-interview/full-stack-sollution/build/reports/tests/1655405575185.0.html\nTimeout: 5 s.\nCaused by: NoSuchElementException: no such element: Unable to locate element: {\"method\":\"xpath\",\"selector\":\"//ul[@class='search-dropdown-menu']\"}","time":{"start":1655405561818,"stop":1655405575588,"duration":13770}},{"uid":"756251f4b64f06a7","reportUrl":"https://SeleniumTestAB.github.io/backend-qa-interview/11//#testresult/756251f4b64f06a7","status":"broken","statusDetails":"No webdriver is bound to current thread: 19. You need to call open(url) first.","time":{"start":1655400580404,"stop":1655400591857,"duration":11453}},{"uid":"855dc4847b641c6a","reportUrl":"https://SeleniumTestAB.github.io/backend-qa-interview/10//#testresult/855dc4847b641c6a","status":"broken","statusDetails":"No webdriver is bound to current thread: 19. You need to call open(url) first.","time":{"start":1655399204998,"stop":1655399216473,"duration":11475}}]},"tags":["UI"]},"source":"8199d5efab1319ff.json","parameterValues":[]}